TN:
SF:src\modules\appointments\services\CreateAppointmentService.ts
FN:15,(anonymous_18)
FN:20,CreateAppointmentService
FN:25,(anonymous_20)
FNF:3
FNH:3
FNDA:1,(anonymous_18)
FNDA:2,CreateAppointmentService
FNDA:3,(anonymous_20)
DA:1,1
DA:2,1
DA:4,1
DA:15,1
DA:22,2
DA:25,1
DA:26,3
DA:27,3
DA:29,3
DA:31,3
DA:35,3
DA:36,1
DA:39,2
DA:43,2
DA:45,1
DA:47,1
LF:16
LH:16
BRDA:35,0,0,1
BRDA:35,0,1,2
BRF:2
BRH:2
end_of_record
TN:
SF:src\modules\users\services\AuthenticationUserService.ts
FN:21,(anonymous_18)
FN:22,AuthenticationUserService
FN:30,(anonymous_20)
FNF:3
FNH:3
FNDA:1,(anonymous_18)
FNDA:3,AuthenticationUserService
FNDA:3,(anonymous_20)
DA:1,1
DA:2,1
DA:6,1
DA:7,1
DA:21,1
DA:24,3
DA:27,3
DA:30,3
DA:31,3
DA:32,3
DA:33,1
DA:36,2
DA:40,2
DA:41,1
DA:44,1
DA:46,1
DA:51,1
DA:53,1
DA:55,1
LF:19
LH:19
BRDA:31,0,0,3
BRDA:32,1,0,1
BRDA:32,1,1,2
BRDA:40,2,0,1
BRDA:40,2,1,1
BRF:5
BRH:5
end_of_record
TN:
SF:src\modules\users\services\CreateUserService.ts
FN:15,(anonymous_18)
FN:16,CreateUserService
FN:24,(anonymous_20)
FNF:3
FNH:3
FNDA:2,(anonymous_18)
FNDA:5,CreateUserService
FNDA:5,(anonymous_20)
DA:1,2
DA:5,2
DA:15,2
DA:18,5
DA:21,5
DA:24,5
DA:25,5
DA:27,5
DA:28,1
DA:31,4
DA:33,4
DA:39,4
DA:41,2
DA:43,2
LF:14
LH:14
BRDA:25,0,0,5
BRDA:27,1,0,1
BRDA:27,1,1,4
BRF:3
BRH:3
end_of_record
TN:
SF:src\modules\users\services\ResetPasswordService.ts
FN:14,(anonymous_18)
FN:15,ResetPasswordService
FN:26,(anonymous_20)
FNF:3
FNH:3
FNDA:1,(anonymous_18)
FNDA:4,ResetPasswordService
FNDA:4,(anonymous_20)
DA:1,1
DA:2,1
DA:4,1
DA:14,1
DA:17,4
DA:20,4
DA:23,4
DA:26,4
DA:27,4
DA:28,4
DA:29,1
DA:31,3
DA:33,3
DA:34,1
DA:37,2
DA:38,2
DA:40,2
DA:41,1
DA:44,1
DA:46,2
DA:48,1
DA:50,1
LF:22
LH:22
BRDA:27,0,0,4
BRDA:28,1,0,1
BRDA:28,1,1,3
BRDA:33,2,0,1
BRDA:33,2,1,2
BRDA:40,3,0,1
BRDA:40,3,1,1
BRF:7
BRH:7
end_of_record
TN:
SF:src\modules\users\services\SendForgotPasswordEmailService.ts
FN:13,(anonymous_18)
FN:14,SendForgotPasswordEmailService
FN:25,(anonymous_20)
FNF:3
FNH:3
FNDA:1,(anonymous_18)
FNDA:3,SendForgotPasswordEmailService
FNDA:3,(anonymous_20)
DA:1,1
DA:2,1
DA:5,1
DA:13,1
DA:16,3
DA:19,3
DA:22,3
DA:25,3
DA:26,3
DA:27,3
DA:28,1
DA:31,2
DA:34,2
DA:41,4
DA:56,1
DA:58,1
LF:16
LH:16
BRDA:26,0,0,3
BRDA:27,1,0,1
BRDA:27,1,1,2
BRF:3
BRH:3
end_of_record
TN:
SF:src\modules\users\services\ShowProfileService.ts
FN:8,(anonymous_18)
FN:9,ShowProfileService
FN:14,(anonymous_20)
FNF:3
FNH:3
FNDA:1,(anonymous_18)
FNDA:2,ShowProfileService
FNDA:2,(anonymous_20)
DA:1,1
DA:3,1
DA:8,1
DA:11,2
DA:14,1
DA:15,2
DA:16,2
DA:17,1
DA:20,1
DA:22,1
DA:24,1
DA:26,1
LF:12
LH:12
BRDA:15,0,0,2
BRDA:16,1,0,1
BRDA:16,1,1,1
BRF:3
BRH:3
end_of_record
TN:
SF:src\modules\users\services\UpdateProfileService.ts
FN:16,(anonymous_18)
FN:17,UpdateProfileService
FN:25,(anonymous_20)
FNF:3
FNH:3
FNDA:1,(anonymous_18)
FNDA:6,UpdateProfileService
FNDA:6,(anonymous_20)
DA:1,1
DA:3,1
DA:16,1
DA:19,6
DA:22,6
DA:25,1
DA:26,6
DA:27,6
DA:28,6
DA:29,6
DA:30,6
DA:32,6
DA:33,6
DA:34,1
DA:37,5
DA:38,5
DA:39,1
DA:42,4
DA:43,1
DA:46,4
DA:47,2
DA:51,2
DA:52,1
DA:54,1
DA:55,1
DA:58,2
DA:59,2
DA:61,4
DA:63,2
DA:65,1
DA:67,1
LF:31
LH:31
BRDA:32,0,0,6
BRDA:33,1,0,1
BRDA:33,1,1,5
BRDA:38,2,0,1
BRDA:38,2,1,4
BRDA:38,3,0,5
BRDA:38,3,1,1
BRDA:42,4,0,1
BRDA:42,4,1,3
BRDA:42,5,0,4
BRDA:42,5,1,3
BRDA:46,6,0,1
BRDA:46,6,1,2
BRDA:46,7,0,3
BRDA:46,7,1,2
BRDA:51,8,0,1
BRDA:51,8,1,1
BRF:17
BRH:17
end_of_record
TN:
SF:src\modules\users\services\UpdateUserAvatarService.ts
FN:14,(anonymous_18)
FN:15,UpdateUserAvatarService
FN:23,(anonymous_20)
FNF:3
FNH:3
FNDA:1,(anonymous_18)
FNDA:3,UpdateUserAvatarService
FNDA:4,(anonymous_20)
DA:1,1
DA:5,1
DA:14,1
DA:17,3
DA:20,3
DA:23,4
DA:24,4
DA:26,4
DA:27,1
DA:30,5
DA:31,2
DA:34,3
DA:35,3
DA:37,6
DA:39,3
DA:41,1
DA:43,1
LF:17
LH:17
BRDA:24,0,0,4
BRDA:24,0,1,3
BRDA:26,1,0,1
BRDA:26,1,1,3
BRDA:30,2,0,2
BRDA:30,2,1,1
BRF:6
BRH:6
end_of_record
