# JRE version: Java(TM) SE Runtime Environment (8.0_211-b12) (build 1.8.0_211-b12)
# Java VM: Java HotSpot(TM) 64-Bit Server VM (25.211-b12 mixed mode windows-amd64 compressed oops)
Heap:
 PSYoungGen      total 142336K, used 15869K [0x00000000f5580000, 0x0000000100000000, 0x0000000100000000)
  eden space 126464K, 0% used [0x00000000f5580000,0x00000000f5580000,0x00000000fd100000)
  from space 15872K, 99% used [0x00000000ff080000,0x00000000fffff7f0,0x0000000100000000)
  to   space 24064K, 0% used [0x00000000fd100000,0x00000000fd100000,0x00000000fe880000)
 ParOldGen       total 175104K, used 33876K [0x00000000e0000000, 0x00000000eab00000, 0x00000000f5580000)
  object space 175104K, 19% used [0x00000000e0000000,0x00000000e21152e0,0x00000000eab00000)
 Metaspace       used 56713K, capacity 59008K, committed 59160K, reserved 1099776K
  class space    used 7909K, capacity 8478K, committed 8576K, reserved 1048576K
GC Heap History (10 events):
Event: 9.507 GC heap after
Heap after GC invocations=8 (full 1):
 PSYoungGen      total 135168K, used 11336K [0x00000000f5580000, 0x0000000100000000, 0x0000000100000000)
  eden space 122368K, 0% used [0x00000000f5580000,0x00000000f5580000,0x00000000fcd00000)
  from space 12800K, 88% used [0x00000000fcd00000,0x00000000fd8121f0,0x00000000fd980000)
  to   space 13824K, 0% used [0x00000000ff280000,0x00000000ff280000,0x0000000100000000)
 ParOldGen       total 175104K, used 7431K [0x00000000e0000000, 0x00000000eab00000, 0x00000000f5580000)
  object space 175104K, 4% used [0x00000000e0000000,0x00000000e0741ef8,0x00000000eab00000)
 Metaspace       used 34540K, capacity 35462K, committed 35496K, reserved 1079296K
  class space    used 4843K, capacity 5116K, committed 5120K, reserved 1048576K
}
Event: 9.507 GC heap before
{Heap before GC invocations=9 (full 2):
 PSYoungGen      total 135168K, used 11336K [0x00000000f5580000, 0x0000000100000000, 0x0000000100000000)
  eden space 122368K, 0% used [0x00000000f5580000,0x00000000f5580000,0x00000000fcd00000)
  from space 12800K, 88% used [0x00000000fcd00000,0x00000000fd8121f0,0x00000000fd980000)
  to   space 13824K, 0% used [0x00000000ff280000,0x00000000ff280000,0x0000000100000000)
 ParOldGen       total 175104K, used 7431K [0x00000000e0000000, 0x00000000eab00000, 0x00000000f5580000)
  object space 175104K, 4% used [0x00000000e0000000,0x00000000e0741ef8,0x00000000eab00000)
 Metaspace       used 34540K, capacity 35462K, committed 35496K, reserved 1079296K
  class space    used 4843K, capacity 5116K, committed 5120K, reserved 1048576K
Event: 9.578 GC heap after
Heap after GC invocations=9 (full 2):
 PSYoungGen      total 135168K, used 0K [0x00000000f5580000, 0x0000000100000000, 0x0000000100000000)
  eden space 122368K, 0% used [0x00000000f5580000,0x00000000f5580000,0x00000000fcd00000)
  from space 12800K, 0% used [0x00000000fcd00000,0x00000000fcd00000,0x00000000fd980000)
  to   space 13824K, 0% used [0x00000000ff280000,0x00000000ff280000,0x0000000100000000)
 ParOldGen       total 175104K, used 18097K [0x00000000e0000000, 0x00000000eab00000, 0x00000000f5580000)
  object space 175104K, 10% used [0x00000000e0000000,0x00000000e11ac6f8,0x00000000eab00000)
 Metaspace       used 34540K, capacity 35462K, committed 35496K, reserved 1079296K
  class space    used 4843K, capacity 5116K, committed 5120K, reserved 1048576K
}
Event: 11.752 GC heap before
{Heap before GC invocations=10 (full 2):
 PSYoungGen      total 135168K, used 122368K [0x00000000f5580000, 0x0000000100000000, 0x0000000100000000)
  eden space 122368K, 100% used [0x00000000f5580000,0x00000000fcd00000,0x00000000fcd00000)
  from space 12800K, 0% used [0x00000000fcd00000,0x00000000fcd00000,0x00000000fd980000)
  to   space 13824K, 0% used [0x00000000ff280000,0x00000000ff280000,0x0000000100000000)
 ParOldGen       total 175104K, used 18097K [0x00000000e0000000, 0x00000000eab00000, 0x00000000f5580000)
  object space 175104K, 10% used [0x00000000e0000000,0x00000000e11ac6f8,0x00000000eab00000)
 Metaspace       used 45406K, capacity 46774K, committed 46848K, reserved 1089536K
  class space    used 6218K, capacity 6586K, committed 6656K, reserved 1048576K
Event: 11.766 GC heap after
Heap after GC invocations=10 (full 2):
 PSYoungGen      total 156672K, used 13816K [0x00000000f5580000, 0x0000000100000000, 0x0000000100000000)
  eden space 142848K, 0% used [0x00000000f5580000,0x00000000f5580000,0x00000000fe100000)
  from space 13824K, 99% used [0x00000000ff280000,0x00000000ffffe250,0x0000000100000000)
  to   space 15872K, 0% used [0x00000000fe100000,0x00000000fe100000,0x00000000ff080000)
 ParOldGen       total 175104K, used 20176K [0x00000000e0000000, 0x00000000eab00000, 0x00000000f5580000)
  object space 175104K, 11% used [0x00000000e0000000,0x00000000e13b4280,0x00000000eab00000)
 Metaspace       used 45406K, capacity 46774K, committed 46848K, reserved 1089536K
  class space    used 6218K, capacity 6586K, committed 6656K, reserved 1048576K
}
Event: 17.166 GC heap before
{Heap before GC invocations=11 (full 2):
 PSYoungGen      total 156672K, used 156664K [0x00000000f5580000, 0x0000000100000000, 0x0000000100000000)
  eden space 142848K, 100% used [0x00000000f5580000,0x00000000fe100000,0x00000000fe100000)
  from space 13824K, 99% used [0x00000000ff280000,0x00000000ffffe250,0x0000000100000000)
  to   space 15872K, 0% used [0x00000000fe100000,0x00000000fe100000,0x00000000ff080000)
 ParOldGen       total 175104K, used 20176K [0x00000000e0000000, 0x00000000eab00000, 0x00000000f5580000)
  object space 175104K, 11% used [0x00000000e0000000,0x00000000e13b4280,0x00000000eab00000)
 Metaspace       used 53919K, capacity 55994K, committed 56192K, reserved 1097728K
  class space    used 7516K, capacity 8025K, committed 8064K, reserved 1048576K
Event: 17.190 GC heap after
Heap after GC invocations=11 (full 2):
 PSYoungGen      total 158720K, used 15845K [0x00000000f5580000, 0x0000000100000000, 0x0000000100000000)
  eden space 142848K, 0% used [0x00000000f5580000,0x00000000f5580000,0x00000000fe100000)
  from space 15872K, 99% used [0x00000000fe100000,0x00000000ff079700,0x00000000ff080000)
  to   space 15872K, 0% used [0x00000000ff080000,0x00000000ff080000,0x0000000100000000)
 ParOldGen       total 175104K, used 26203K [0x00000000e0000000, 0x00000000eab00000, 0x00000000f5580000)
  object space 175104K, 14% used [0x00000000e0000000,0x00000000e1996e58,0x00000000eab00000)
 Metaspace       used 53919K, capacity 55994K, committed 56192K, reserved 1097728K
  class space    used 7516K, capacity 8025K, committed 8064K, reserved 1048576K
}
Event: 18.156 GC heap before
{Heap before GC invocations=12 (full 2):
 PSYoungGen      total 158720K, used 79277K [0x00000000f5580000, 0x0000000100000000, 0x0000000100000000)
  eden space 142848K, 44% used [0x00000000f5580000,0x00000000f9372048,0x00000000fe100000)
  from space 15872K, 99% used [0x00000000fe100000,0x00000000ff079700,0x00000000ff080000)
  to   space 15872K, 0% used [0x00000000ff080000,0x00000000ff080000,0x0000000100000000)
 ParOldGen       total 175104K, used 26203K [0x00000000e0000000, 0x00000000eab00000, 0x00000000f5580000)
  object space 175104K, 14% used [0x00000000e0000000,0x00000000e1996e58,0x00000000eab00000)
 Metaspace       used 56713K, capacity 59008K, committed 59160K, reserved 1099776K
  class space    used 7909K, capacity 8478K, committed 8576K, reserved 1048576K
Event: 18.177 GC heap after
Heap after GC invocations=12 (full 2):
 PSYoungGen      total 142336K, used 15869K [0x00000000f5580000, 0x0000000100000000, 0x0000000100000000)
  eden space 126464K, 0% used [0x00000000f5580000,0x00000000f5580000,0x00000000fd100000)
  from space 15872K, 99% used [0x00000000ff080000,0x00000000fffff7f0,0x0000000100000000)
  to   space 24064K, 0% used [0x00000000fd100000,0x00000000fd100000,0x00000000fe880000)
 ParOldGen       total 175104K, used 33876K [0x00000000e0000000, 0x00000000eab00000, 0x00000000f5580000)
  object space 175104K, 19% used [0x00000000e0000000,0x00000000e21152e0,0x00000000eab00000)
 Metaspace       used 56713K, capacity 59008K, committed 59160K, reserved 1099776K
  class space    used 7909K, capacity 8478K, committed 8576K, reserved 1048576K
}
Event: 18.177 GC heap before
{Heap before GC invocations=13 (full 3):
 PSYoungGen      total 142336K, used 15869K [0x00000000f5580000, 0x0000000100000000, 0x0000000100000000)
  eden space 126464K, 0% used [0x00000000f5580000,0x00000000f5580000,0x00000000fd100000)
  from space 15872K, 99% used [0x00000000ff080000,0x00000000fffff7f0,0x0000000100000000)
  to   space 24064K, 0% used [0x00000000fd100000,0x00000000fd100000,0x00000000fe880000)
 ParOldGen       total 175104K, used 33876K [0x00000000e0000000, 0x00000000eab00000, 0x00000000f5580000)
  object space 175104K, 19% used [0x00000000e0000000,0x00000000e21152e0,0x00000000eab00000)
 Metaspace       used 56713K, capacity 59008K, committed 59160K, reserved 1099776K
  class space    used 7909K, capacity 8478K, committed 8576K, reserved 1048576K

