# JRE version: Java(TM) SE Runtime Environment (8.0_211-b12) (build 1.8.0_211-b12)
# Java VM: Java HotSpot(TM) 64-Bit Server VM (25.211-b12 mixed mode windows-amd64 compressed oops)
Heap:
 PSYoungGen      total 143360K, used 9803K [0x00000000f5580000, 0x00000000fff00000, 0x0000000100000000)
  eden space 115200K, 0% used [0x00000000f5580000,0x00000000f5580000,0x00000000fc600000)
  from space 28160K, 34% used [0x00000000fe380000,0x00000000fed12e20,0x00000000fff00000)
  to   space 29184K, 0% used [0x00000000fc600000,0x00000000fc600000,0x00000000fe280000)
 ParOldGen       total 175104K, used 88991K [0x00000000e0000000, 0x00000000eab00000, 0x00000000f5580000)
  object space 175104K, 50% used [0x00000000e0000000,0x00000000e56e7ce0,0x00000000eab00000)
 Metaspace       used 93368K, capacity 98474K, committed 98600K, reserved 1134592K
  class space    used 12591K, capacity 13677K, committed 13696K, reserved 1048576K
GC Heap History (10 events):
Event: 41.792 GC heap after
Heap after GC invocations=21 (full 3):
 PSYoungGen      total 148992K, used 17836K [0x00000000f5580000, 0x0000000100000000, 0x0000000100000000)
  eden space 124416K, 0% used [0x00000000f5580000,0x00000000f5580000,0x00000000fcf00000)
  from space 24576K, 72% used [0x00000000fe800000,0x00000000ff96b100,0x0000000100000000)
  to   space 25088K, 0% used [0x00000000fcf00000,0x00000000fcf00000,0x00000000fe780000)
 ParOldGen       total 175104K, used 76613K [0x00000000e0000000, 0x00000000eab00000, 0x00000000f5580000)
  object space 175104K, 43% used [0x00000000e0000000,0x00000000e4ad1590,0x00000000eab00000)
 Metaspace       used 81542K, capacity 85344K, committed 85632K, reserved 1122304K
  class space    used 10964K, capacity 11846K, committed 11904K, reserved 1048576K
}
Event: 43.241 GC heap before
{Heap before GC invocations=22 (full 3):
 PSYoungGen      total 148992K, used 142252K [0x00000000f5580000, 0x0000000100000000, 0x0000000100000000)
  eden space 124416K, 100% used [0x00000000f5580000,0x00000000fcf00000,0x00000000fcf00000)
  from space 24576K, 72% used [0x00000000fe800000,0x00000000ff96b100,0x0000000100000000)
  to   space 25088K, 0% used [0x00000000fcf00000,0x00000000fcf00000,0x00000000fe780000)
 ParOldGen       total 175104K, used 76613K [0x00000000e0000000, 0x00000000eab00000, 0x00000000f5580000)
  object space 175104K, 43% used [0x00000000e0000000,0x00000000e4ad1590,0x00000000eab00000)
 Metaspace       used 85886K, capacity 90086K, committed 90240K, reserved 1126400K
  class space    used 11652K, capacity 12619K, committed 12672K, reserved 1048576K
Event: 43.261 GC heap after
Heap after GC invocations=22 (full 3):
 PSYoungGen      total 149504K, used 25087K [0x00000000f5580000, 0x0000000100000000, 0x0000000100000000)
  eden space 124416K, 0% used [0x00000000f5580000,0x00000000f5580000,0x00000000fcf00000)
  from space 25088K, 99% used [0x00000000fcf00000,0x00000000fe77ff50,0x00000000fe780000)
  to   space 25088K, 0% used [0x00000000fe780000,0x00000000fe780000,0x0000000100000000)
 ParOldGen       total 175104K, used 77310K [0x00000000e0000000, 0x00000000eab00000, 0x00000000f5580000)
  object space 175104K, 44% used [0x00000000e0000000,0x00000000e4b7fa60,0x00000000eab00000)
 Metaspace       used 85886K, capacity 90086K, committed 90240K, reserved 1126400K
  class space    used 11652K, capacity 12619K, committed 12672K, reserved 1048576K
}
Event: 44.622 GC heap before
{Heap before GC invocations=23 (full 3):
 PSYoungGen      total 149504K, used 149503K [0x00000000f5580000, 0x0000000100000000, 0x0000000100000000)
  eden space 124416K, 100% used [0x00000000f5580000,0x00000000fcf00000,0x00000000fcf00000)
  from space 25088K, 99% used [0x00000000fcf00000,0x00000000fe77ff50,0x00000000fe780000)
  to   space 25088K, 0% used [0x00000000fe780000,0x00000000fe780000,0x0000000100000000)
 ParOldGen       total 175104K, used 77310K [0x00000000e0000000, 0x00000000eab00000, 0x00000000f5580000)
  object space 175104K, 44% used [0x00000000e0000000,0x00000000e4b7fa60,0x00000000eab00000)
 Metaspace       used 90381K, capacity 95246K, committed 95616K, reserved 1132544K
  class space    used 12257K, capacity 13315K, committed 13440K, reserved 1048576K
Event: 44.655 GC heap after
Heap after GC invocations=23 (full 3):
 PSYoungGen      total 139264K, used 24493K [0x00000000f5580000, 0x0000000100000000, 0x0000000100000000)
  eden space 114176K, 0% used [0x00000000f5580000,0x00000000f5580000,0x00000000fc500000)
  from space 25088K, 97% used [0x00000000fe780000,0x00000000fff6b520,0x0000000100000000)
  to   space 30208K, 0% used [0x00000000fc500000,0x00000000fc500000,0x00000000fe280000)
 ParOldGen       total 175104K, used 82171K [0x00000000e0000000, 0x00000000eab00000, 0x00000000f5580000)
  object space 175104K, 46% used [0x00000000e0000000,0x00000000e503efc8,0x00000000eab00000)
 Metaspace       used 90381K, capacity 95246K, committed 95616K, reserved 1132544K
  class space    used 12257K, capacity 13315K, committed 13440K, reserved 1048576K
}
Event: 45.788 GC heap before
{Heap before GC invocations=24 (full 3):
 PSYoungGen      total 139264K, used 138669K [0x00000000f5580000, 0x0000000100000000, 0x0000000100000000)
  eden space 114176K, 100% used [0x00000000f5580000,0x00000000fc500000,0x00000000fc500000)
  from space 25088K, 97% used [0x00000000fe780000,0x00000000fff6b520,0x0000000100000000)
  to   space 30208K, 0% used [0x00000000fc500000,0x00000000fc500000,0x00000000fe280000)
 ParOldGen       total 175104K, used 82171K [0x00000000e0000000, 0x00000000eab00000, 0x00000000f5580000)
  object space 175104K, 46% used [0x00000000e0000000,0x00000000e503efc8,0x00000000eab00000)
 Metaspace       used 90905K, capacity 95818K, committed 96128K, reserved 1132544K
  class space    used 12284K, capacity 13317K, committed 13440K, reserved 1048576K
Event: 45.807 GC heap after
Heap after GC invocations=24 (full 3):
 PSYoungGen      total 144384K, used 16471K [0x00000000f5580000, 0x0000000100000000, 0x0000000100000000)
  eden space 114176K, 0% used [0x00000000f5580000,0x00000000f5580000,0x00000000fc500000)
  from space 30208K, 54% used [0x00000000fc500000,0x00000000fd515fd8,0x00000000fe280000)
  to   space 29184K, 0% used [0x00000000fe380000,0x00000000fe380000,0x0000000100000000)
 ParOldGen       total 175104K, used 83786K [0x00000000e0000000, 0x00000000eab00000, 0x00000000f5580000)
  object space 175104K, 47% used [0x00000000e0000000,0x00000000e51d2be0,0x00000000eab00000)
 Metaspace       used 90905K, capacity 95818K, committed 96128K, reserved 1132544K
  class space    used 12284K, capacity 13317K, committed 13440K, reserved 1048576K
}
Event: 65.996 GC heap before
{Heap before GC invocations=25 (full 3):
 PSYoungGen      total 144384K, used 87427K [0x00000000f5580000, 0x0000000100000000, 0x0000000100000000)
  eden space 114176K, 62% used [0x00000000f5580000,0x00000000f9acad28,0x00000000fc500000)
  from space 30208K, 54% used [0x00000000fc500000,0x00000000fd515fd8,0x00000000fe280000)
  to   space 29184K, 0% used [0x00000000fe380000,0x00000000fe380000,0x0000000100000000)
 ParOldGen       total 175104K, used 83786K [0x00000000e0000000, 0x00000000eab00000, 0x00000000f5580000)
  object space 175104K, 47% used [0x00000000e0000000,0x00000000e51d2be0,0x00000000eab00000)
 Metaspace       used 93368K, capacity 98474K, committed 98600K, reserved 1134592K
  class space    used 12591K, capacity 13677K, committed 13696K, reserved 1048576K
Event: 66.016 GC heap after
Heap after GC invocations=25 (full 3):
 PSYoungGen      total 143360K, used 9803K [0x00000000f5580000, 0x00000000fff00000, 0x0000000100000000)
  eden space 115200K, 0% used [0x00000000f5580000,0x00000000f5580000,0x00000000fc600000)
  from space 28160K, 34% used [0x00000000fe380000,0x00000000fed12e20,0x00000000fff00000)
  to   space 29184K, 0% used [0x00000000fc600000,0x00000000fc600000,0x00000000fe280000)
 ParOldGen       total 175104K, used 88991K [0x00000000e0000000, 0x00000000eab00000, 0x00000000f5580000)
  object space 175104K, 50% used [0x00000000e0000000,0x00000000e56e7ce0,0x00000000eab00000)
 Metaspace       used 93368K, capacity 98474K, committed 98600K, reserved 1134592K
  class space    used 12591K, capacity 13677K, committed 13696K, reserved 1048576K
}
Event: 66.016 GC heap before
{Heap before GC invocations=26 (full 4):
 PSYoungGen      total 143360K, used 9803K [0x00000000f5580000, 0x00000000fff00000, 0x0000000100000000)
  eden space 115200K, 0% used [0x00000000f5580000,0x00000000f5580000,0x00000000fc600000)
  from space 28160K, 34% used [0x00000000fe380000,0x00000000fed12e20,0x00000000fff00000)
  to   space 29184K, 0% used [0x00000000fc600000,0x00000000fc600000,0x00000000fe280000)
 ParOldGen       total 175104K, used 88991K [0x00000000e0000000, 0x00000000eab00000, 0x00000000f5580000)
  object space 175104K, 50% used [0x00000000e0000000,0x00000000e56e7ce0,0x00000000eab00000)
 Metaspace       used 93368K, capacity 98474K, committed 98600K, reserved 1134592K
  class space    used 12591K, capacity 13677K, committed 13696K, reserved 1048576K

